
> worldcore@1.0.0 test
> npm run build && node --test ../dist/worldcore/test/*.js


> worldcore@1.0.0 build
> tsc -p tsconfig.json

abilities/AbilityTypes.ts(4,15): error TS2305: Module '"../combat/CombatEngine"' has no exported member 'WeaponSkillId'.
abilities/AbilityTypes.ts(4,30): error TS2305: Module '"../combat/CombatEngine"' has no exported member 'SpellSchoolId'.
characters/Stats.ts(103,14): error TS2339: Property 'attributesFlat' does not exist on type 'CombatStatusSnapshot'.
characters/Stats.ts(109,27): error TS2339: Property 'attributesPct' does not exist on type 'CombatStatusSnapshot'.
characters/characterSheet.ts(3,10): error TS2305: Module '"../combat/entityCombat"' has no exported member 'isDeadEntity'.
combat/NpcCombat.ts(14,3): error TS2305: Module '"./entityCombat"' has no exported member 'isDeadEntity'.
combat/NpcCombat.ts(16,3): error TS2305: Module '"./entityCombat"' has no exported member 'computeNpcMeleeDamage'.
combat/NpcCombat.ts(26,8): error TS2305: Module '"./CombatEngine"' has no exported member 'WeaponSkillId'.
combat/NpcCombat.ts(27,8): error TS2305: Module '"./CombatEngine"' has no exported member 'SpellSchoolId'.
combat/NpcCombat.ts(117,5): error TS2322: Type 'AttackChannel' is not assignable to type 'DamageChannel'.
  Type '"ability"' is not assignable to type 'DamageChannel'.
combat/NpcCombat.ts(131,5): error TS2353: Object literal may only specify known properties, and 'flatBonus' does not exist in type 'CombatAttackParams'.
combat/NpcCombat.ts(135,28): error TS2339: Property 'damage' does not exist on type 'number'.
combat/NpcCombat.ts(214,14): error TS2339: Property 'wasCrit' does not exist on type 'number'.
combat/NpcCombat.ts(216,21): error TS2339: Property 'wasGlancing' does not exist on type 'number'.
combat/RegionDangerAuras.ts(27,3): error TS2305: Module '"./StatusEffects"' has no exported member 'getActiveStatusEffects'.
combat/RegionDangerAuras.ts(126,33): error TS7006: Parameter 'eff' implicitly has an 'any' type.
combat/RegionDangerAuras.ts(156,5): error TS2554: Expected 2 arguments, but got 3.
combat/Vulnerability.ts(73,5): error TS2554: Expected 2 arguments, but got 3.
mud/MudHelperFunctions.ts(11,3): error TS2305: Module '"../combat/entityCombat"' has no exported member 'killEntity'.
mud/MudHelperFunctions.ts(12,3): error TS2305: Module '"../combat/entityCombat"' has no exported member 'isDeadEntity'.
mud/MudHelperFunctions.ts(13,3): error TS2305: Module '"../combat/entityCombat"' has no exported member 'resurrectEntity'.
mud/MudHelperFunctions.ts(15,3): error TS2305: Module '"../combat/entityCombat"' has no exported member 'computeNpcMeleeDamage'.
mud/MudSpells.ts(198,28): error TS2322: Type '"virtuoso"' is not assignable to type 'StatusTag'.
mud/MudSpells.ts(198,40): error TS2322: Type '"song"' is not assignable to type 'StatusTag'.
mud/MudSpells.ts(198,48): error TS2322: Type '"battle"' is not assignable to type 'StatusTag'.
mud/MudSpells.ts(289,9): error TS2353: Object literal may only specify known properties, and 'effective' does not exist in type 'CombatSource'.
mud/MudSpells.ts(303,9): error TS2353: Object literal may only specify known properties, and 'flatBonus' does not exist in type 'CombatAttackParams'.
mud/MudSpells.ts(314,17): error TS2339: Property 'damage' does not exist on type 'number'.
mud/MudSpells.ts(316,17): error TS2339: Property 'school' does not exist on type 'number'.
mud/MudSpells.ts(403,15): error TS2353: Object literal may only specify known properties, and 'attributesPct' does not exist in type 'StatusEffectModifier'.
mud/MudSpells.ts(405,28): error TS2322: Type '"virtuoso"' is not assignable to type 'StatusTag'.
mud/MudSpells.ts(405,40): error TS2322: Type '"song"' is not assignable to type 'StatusTag'.
mud/MudSpells.ts(405,48): error TS2322: Type '"courage"' is not assignable to type 'StatusTag'.
mud/commands/combat/autoattack/trainingDummyAutoAttack.ts(4,10): error TS2305: Module '"../../../../combat/entityCombat"' has no exported member 'isDeadEntity'.
mud/commands/debug/handlers.ts(10,3): error TS2305: Module '"../../../combat/entityCombat"' has no exported member 'isDeadEntity'.
mud/commands/player/effectsCommand.ts(6,3): error TS2305: Module '"../../../combat/StatusEffects"' has no exported member 'getActiveStatusEffects'.
mud/commands/player/effectsCommand.ts(101,32): error TS2339: Property 'attributesFlat' does not exist on type 'CombatStatusSnapshot'.
mud/commands/player/effectsCommand.ts(102,31): error TS2339: Property 'attributesPct' does not exist on type 'CombatStatusSnapshot'.
npc/NpcManager.ts(42,3): error TS2305: Module '"../combat/entityCombat"' has no exported member 'computeNpcMeleeDamage'.
skills/SkillProgression.ts(4,15): error TS2305: Module '"../combat/CombatEngine"' has no exported member 'WeaponSkillId'.
skills/SkillProgression.ts(4,30): error TS2305: Module '"../combat/CombatEngine"' has no exported member 'SpellSchoolId'.
spells/SpellTypes.ts(3,15): error TS2305: Module '"../combat/CombatEngine"' has no exported member 'SpellSchoolId'.
systems/recovery/recoveryOps.ts(3,10): error TS2305: Module '"../../combat/entityCombat"' has no exported member 'isDeadEntity'.
systems/recovery/recoveryOps.ts(3,24): error TS2305: Module '"../../combat/entityCombat"' has no exported member 'resurrectEntity'.
systems/regen/ensureRegenLoop.ts(4,10): error TS2305: Module '"../../combat/entityCombat"' has no exported member 'isDeadEntity'.
test/codexGoblin.test.ts(6,3): error TS2305: Module '"../combat/entityCombat"' has no exported member 'computeNpcMeleeDamage'.
test/combat.test.ts(6,3): error TS2305: Module '"../combat/entityCombat"' has no exported member 'isDeadEntity'.
test/minDamageRule.test.ts(68,22): error TS2322: Type '"incoming_damage"' is not assignable to type 'StatusTag'.
test/riskStackingCodex.test.ts(63,22): error TS2322: Type '"cowardice"' is not assignable to type 'StatusTag'.
test/riskStackingCodex.test.ts(78,22): error TS2322: Type '"region"' is not assignable to type 'StatusTag'.
test/riskStackingCodex.test.ts(78,32): error TS2322: Type '"danger"' is not assignable to type 'StatusTag'.
test/riskStackingCodex.test.ts(93,22): error TS2322: Type '"vulnerability"' is not assignable to type 'StatusTag'.
test/riskStackingCodex.test.ts(157,22): error TS2322: Type '"incoming_damage"' is not assignable to type 'StatusTag'.
test/statusDamageDealt.test.ts(97,63): error TS2345: Argument of type '{ basePower: number; }' is not assignable to parameter of type 'CombatAttackParams'.
  Property 'channel' is missing in type '{ basePower: number; }' but required in type 'CombatAttackParams'.
test/statusDamageDealt.test.ts(103,12): error TS2339: Property 'damage' does not exist on type 'number'.
test/statusDamageDealt.test.ts(114,7): error TS2353: Object literal may only specify known properties, and 'sourceKind' does not exist in type 'NewStatusEffectInput'.
test/statusDamageDealt.test.ts(140,65): error TS2345: Argument of type '{ basePower: number; }' is not assignable to parameter of type 'CombatAttackParams'.
  Property 'channel' is missing in type '{ basePower: number; }' but required in type 'CombatAttackParams'.
test/statusDamageDealt.test.ts(145,14): error TS2339: Property 'damage' does not exist on type 'number'.
test/statusDamageDealt.test.ts(150,14): error TS2339: Property 'damage' does not exist on type 'number'.
test/statusDamageDealt.test.ts(150,28): error TS2339: Property 'damage' does not exist on type 'number'.
test/statusDamageDealt.test.ts(181,55): error TS2345: Argument of type '{ basePower: number; }' is not assignable to parameter of type 'CombatAttackParams'.
  Property 'channel' is missing in type '{ basePower: number; }' but required in type 'CombatAttackParams'.
test/statusDamageDealt.test.ts(183,12): error TS2339: Property 'damage' does not exist on type 'number'.
test/statusDamageDealt.test.ts(191,7): error TS2353: Object literal may only specify known properties, and 'sourceKind' does not exist in type 'NewStatusEffectInput'.
test/statusDamageDealt.test.ts(202,59): error TS2345: Argument of type '{ basePower: number; }' is not assignable to parameter of type 'CombatAttackParams'.
  Property 'channel' is missing in type '{ basePower: number; }' but required in type 'CombatAttackParams'.
test/statusDamageDealt.test.ts(204,16): error TS2339: Property 'damage' does not exist on type 'number'.
test/statusDamageDealt.test.ts(212,7): error TS2353: Object literal may only specify known properties, and 'sourceKind' does not exist in type 'NewStatusEffectInput'.
test/statusDamageDealt.test.ts(223,60): error TS2345: Argument of type '{ basePower: number; }' is not assignable to parameter of type 'CombatAttackParams'.
  Property 'channel' is missing in type '{ basePower: number; }' but required in type 'CombatAttackParams'.
test/statusDamageDealt.test.ts(225,17): error TS2339: Property 'damage' does not exist on type 'number'.
test/statusDamageDealt.test.ts(231,17): error TS2339: Property 'damage' does not exist on type 'number'.
test/statusDamageDealt.test.ts(231,35): error TS2339: Property 'damage' does not exist on type 'number'.
test/statusDamageDealt.test.ts(232,18): error TS2339: Property 'damage' does not exist on type 'number'.
test/statusDamageDealt.test.ts(232,32): error TS2339: Property 'damage' does not exist on type 'number'.
test/statusDamageDealtBySchool.test.ts(49,9): error TS2353: Object literal may only specify known properties, and 'effective' does not exist in type 'CombatSource'.
test/statusDamageDealtBySchool.test.ts(56,27): error TS2339: Property 'damage' does not exist on type 'number'.
test/statusDamageDealtBySchool.test.ts(60,7): error TS2353: Object literal may only specify known properties, and 'sourceKind' does not exist in type 'NewStatusEffectInput'.
test/statusDamageDealtBySchool.test.ts(76,9): error TS2353: Object literal may only specify known properties, and 'effective' does not exist in type 'CombatSource'.
test/statusDamageDealtBySchool.test.ts(83,29): error TS2339: Property 'damage' does not exist on type 'number'.
test/statusDamageDealtBySchool.test.ts(89,9): error TS2353: Object literal may only specify known properties, and 'effective' does not exist in type 'CombatSource'.
test/statusDamageDealtBySchool.test.ts(96,27): error TS2339: Property 'damage' does not exist on type 'number'.
test/statusDamageDealtBySchool.test.ts(109,7): error TS2353: Object literal may only specify known properties, and 'sourceKind' does not exist in type 'NewStatusEffectInput'.
test/statusDamageDealtBySchool.test.ts(121,7): error TS2353: Object literal may only specify known properties, and 'sourceKind' does not exist in type 'NewStatusEffectInput'.
test/statusDamageDealtBySchool.test.ts(135,9): error TS2353: Object literal may only specify known properties, and 'effective' does not exist in type 'CombatSource'.
test/statusDamageDealtBySchool.test.ts(143,22): error TS2339: Property 'damage' does not exist on type 'number'.
test/statusDamageTaken.test.ts(90,5): error TS2353: Object literal may only specify known properties, and 'sourceKind' does not exist in type 'NewStatusEffectInput'.
